2022-03-25 18:57:41,477 [Worker-4: Loading available Gradle versions] INFO  o.e.b.c.i.u.g.PublishedGradleVersions - Gradle version information cache is up-to-date. Trying to read.
2022-03-25 19:03:06,759 [Worker-37: Creating project "SE_PR_GPSRunner"] INFO  o.e.m.c.i.l.LifecycleMappingFactory - Using org.eclipse.m2e.jdt.JarLifecycleMapping lifecycle mapping for MavenProject: SE_PR_GPSRunner:SE_PR_GPSRunner:0.0.1-SNAPSHOT @ C:\Users\patri\OneDrive\Uni\WINF\4. Semester\Software Engineering\GPSRunner\SE_PR_GPSRunner\pom.xml.
2022-03-25 19:03:07,236 [Worker-37: Creating project "SE_PR_GPSRunner"] INFO  o.e.m.j.i.AbstractJavaProjectConfigurator - Adding source folder /SE_PR_GPSRunner/src/main/java
2022-03-25 19:03:07,238 [Worker-37: Creating project "SE_PR_GPSRunner"] INFO  o.e.m.j.i.AbstractJavaProjectConfigurator - Adding resource folder /SE_PR_GPSRunner/src/main/resources
2022-03-25 19:03:07,239 [Worker-37: Creating project "SE_PR_GPSRunner"] INFO  o.e.m.j.i.AbstractJavaProjectConfigurator - Adding source folder /SE_PR_GPSRunner/src/test/java
2022-03-25 19:03:07,239 [Worker-37: Creating project "SE_PR_GPSRunner"] INFO  o.e.m.j.i.AbstractJavaProjectConfigurator - Adding resource folder /SE_PR_GPSRunner/src/test/resources
2022-03-25 19:03:08,883 [Worker-38: Building] WARN  o.e.m.c.i.embedder.EclipseLogger - Using platform encoding (Cp1252 actually) to copy filtered resources, i.e. build is platform dependent!
2022-03-25 19:03:08,890 [Worker-38: Building] INFO  o.e.m.c.i.embedder.EclipseLogger - Copying 0 resource
2022-03-25 19:03:08,892 [Worker-38: Building] WARN  o.e.m.c.i.embedder.EclipseLogger - Using platform encoding (Cp1252 actually) to copy filtered resources, i.e. build is platform dependent!
2022-03-25 19:03:08,893 [Worker-38: Building] INFO  o.e.m.c.i.embedder.EclipseLogger - Copying 0 resource
2022-03-25 19:03:36,809 [Worker-10: Building] WARN  o.e.m.c.i.embedder.EclipseLogger - Using platform encoding (Cp1252 actually) to copy filtered resources, i.e. build is platform dependent!
2022-03-25 19:03:36,813 [Worker-10: Building] INFO  o.e.m.c.i.embedder.EclipseLogger - Copying 0 resource
2022-03-25 19:03:36,815 [Worker-10: Building] WARN  o.e.m.c.i.embedder.EclipseLogger - Using platform encoding (Cp1252 actually) to copy filtered resources, i.e. build is platform dependent!
2022-03-25 19:03:36,816 [Worker-10: Building] INFO  o.e.m.c.i.embedder.EclipseLogger - Copying 0 resource
2022-03-25 19:03:46,803 [Worker-38: Building] WARN  o.e.m.c.i.embedder.EclipseLogger - Using platform encoding (Cp1252 actually) to copy filtered resources, i.e. build is platform dependent!
2022-03-25 19:03:46,806 [Worker-38: Building] INFO  o.e.m.c.i.embedder.EclipseLogger - Copying 0 resource
2022-03-25 19:03:46,808 [Worker-38: Building] WARN  o.e.m.c.i.embedder.EclipseLogger - Using platform encoding (Cp1252 actually) to copy filtered resources, i.e. build is platform dependent!
2022-03-25 19:03:46,809 [Worker-38: Building] INFO  o.e.m.c.i.embedder.EclipseLogger - Copying 0 resource
2022-03-25 19:03:47,821 [Worker-10: Building] WARN  o.e.m.c.i.embedder.EclipseLogger - Using platform encoding (Cp1252 actually) to copy filtered resources, i.e. build is platform dependent!
2022-03-25 19:03:47,822 [Worker-10: Building] INFO  o.e.m.c.i.embedder.EclipseLogger - Copying 0 resource
2022-03-25 19:03:47,823 [Worker-10: Building] WARN  o.e.m.c.i.embedder.EclipseLogger - Using platform encoding (Cp1252 actually) to copy filtered resources, i.e. build is platform dependent!
2022-03-25 19:03:47,824 [Worker-10: Building] INFO  o.e.m.c.i.embedder.EclipseLogger - Copying 0 resource
2022-03-25 19:04:37,844 [Worker-37: Building] WARN  o.e.m.c.i.embedder.EclipseLogger - Using platform encoding (Cp1252 actually) to copy filtered resources, i.e. build is platform dependent!
2022-03-25 19:04:37,846 [Worker-37: Building] INFO  o.e.m.c.i.embedder.EclipseLogger - Copying 0 resource
2022-03-25 19:04:37,847 [Worker-37: Building] WARN  o.e.m.c.i.embedder.EclipseLogger - Using platform encoding (Cp1252 actually) to copy filtered resources, i.e. build is platform dependent!
2022-03-25 19:04:37,848 [Worker-37: Building] INFO  o.e.m.c.i.embedder.EclipseLogger - Copying 0 resource
2022-03-25 19:34:36,483 [Worker-6: Loading available Gradle versions] INFO  o.e.b.c.i.u.g.PublishedGradleVersions - Gradle version information cache is up-to-date. Trying to read.
2022-03-25 19:34:38,036 [Worker-5: Building] WARN  o.e.m.c.i.embedder.EclipseLogger - Using platform encoding (Cp1252 actually) to copy filtered resources, i.e. build is platform dependent!
2022-03-25 19:34:38,040 [Worker-5: Building] INFO  o.e.m.c.i.embedder.EclipseLogger - Copying 0 resource
2022-03-25 19:34:38,043 [Worker-5: Building] WARN  o.e.m.c.i.embedder.EclipseLogger - Using platform encoding (Cp1252 actually) to copy filtered resources, i.e. build is platform dependent!
2022-03-25 19:34:38,044 [Worker-5: Building] INFO  o.e.m.c.i.embedder.EclipseLogger - Copying 0 resource
2022-03-25 19:35:08,628 [Worker-27: Building] WARN  o.e.m.c.i.embedder.EclipseLogger - Using platform encoding (Cp1252 actually) to copy filtered resources, i.e. build is platform dependent!
2022-03-25 19:35:08,638 [Worker-27: Building] INFO  o.e.m.c.i.embedder.EclipseLogger - Copying 0 resource
2022-03-25 19:35:08,639 [Worker-27: Building] WARN  o.e.m.c.i.embedder.EclipseLogger - Using platform encoding (Cp1252 actually) to copy filtered resources, i.e. build is platform dependent!
2022-03-25 19:35:08,640 [Worker-27: Building] INFO  o.e.m.c.i.embedder.EclipseLogger - Copying 0 resource
2022-03-25 19:35:23,994 [Worker-5: Building] WARN  o.e.m.c.i.embedder.EclipseLogger - Using platform encoding (Cp1252 actually) to copy filtered resources, i.e. build is platform dependent!
2022-03-25 19:35:23,996 [Worker-5: Building] INFO  o.e.m.c.i.embedder.EclipseLogger - Copying 0 resource
2022-03-25 19:35:23,998 [Worker-5: Building] WARN  o.e.m.c.i.embedder.EclipseLogger - Using platform encoding (Cp1252 actually) to copy filtered resources, i.e. build is platform dependent!
2022-03-25 19:35:23,999 [Worker-5: Building] INFO  o.e.m.c.i.embedder.EclipseLogger - Copying 0 resource
2022-03-25 19:36:42,186 [Worker-7: Loading available Gradle versions] INFO  o.e.b.c.i.u.g.PublishedGradleVersions - Gradle version information cache is up-to-date. Trying to read.
2022-03-29 09:27:38,941 [Worker-5: Loading available Gradle versions] INFO  o.e.b.c.i.u.g.PublishedGradleVersions - Gradle version information cache is out-of-date. Trying to update.
2022-03-29 09:27:44,501 [Worker-4: Building] WARN  o.e.m.c.i.embedder.EclipseLogger - Using platform encoding (Cp1252 actually) to copy filtered resources, i.e. build is platform dependent!
2022-03-29 09:27:44,563 [Worker-4: Building] INFO  o.e.m.c.i.embedder.EclipseLogger - Copying 0 resource
2022-03-29 09:27:44,577 [Worker-4: Building] WARN  o.e.m.c.i.embedder.EclipseLogger - Using platform encoding (Cp1252 actually) to copy filtered resources, i.e. build is platform dependent!
2022-03-29 09:27:44,580 [Worker-4: Building] INFO  o.e.m.c.i.embedder.EclipseLogger - Copying 0 resource
2022-03-29 09:27:48,552 [Worker-9: Building] INFO  o.e.m.c.i.l.LifecycleMappingFactory - Using org.eclipse.m2e.jdt.JarLifecycleMapping lifecycle mapping for MavenProject: SE_PR_GPSRunner:SE_PR_GPSRunner:0.0.1-SNAPSHOT @ C:\Users\patri\OneDrive\Uni\WINF\4. Semester\Software Engineering\GPSRunner\SE_PR_GPSRunner\pom.xml.
2022-03-29 09:27:49,328 [Worker-9: Building] WARN  o.e.m.c.i.embedder.EclipseLogger - Using platform encoding (Cp1252 actually) to copy filtered resources, i.e. build is platform dependent!
2022-03-29 09:27:49,338 [Worker-9: Building] INFO  o.e.m.c.i.embedder.EclipseLogger - Copying 0 resource
2022-03-29 09:27:49,340 [Worker-9: Building] WARN  o.e.m.c.i.embedder.EclipseLogger - Using platform encoding (Cp1252 actually) to copy filtered resources, i.e. build is platform dependent!
2022-03-29 09:27:49,343 [Worker-9: Building] INFO  o.e.m.c.i.embedder.EclipseLogger - Copying 0 resource
2022-03-29 09:27:50,445 [Worker-11: Building] WARN  o.e.m.c.i.embedder.EclipseLogger - Using platform encoding (Cp1252 actually) to copy filtered resources, i.e. build is platform dependent!
2022-03-29 09:27:50,479 [Worker-11: Building] INFO  o.e.m.c.i.embedder.EclipseLogger - Copying 0 resource
2022-03-29 09:27:50,484 [Worker-11: Building] WARN  o.e.m.c.i.embedder.EclipseLogger - Using platform encoding (Cp1252 actually) to copy filtered resources, i.e. build is platform dependent!
2022-03-29 09:27:50,487 [Worker-11: Building] INFO  o.e.m.c.i.embedder.EclipseLogger - Copying 0 resource
2022-03-29 09:27:51,821 [Worker-4: Download sources and javadoc] INFO  o.e.m.c.i.e.AbstractTransferListenerAdapter - Downloading https://repo.maven.apache.org/maven2/junit/junit/4.12/junit-4.12-sources.jar
2022-03-29 09:27:51,932 [Worker-4: Download sources and javadoc] INFO  o.e.m.c.i.e.AbstractTransferListenerAdapter - Downloaded https://repo.maven.apache.org/maven2/junit/junit/4.12/junit-4.12-sources.jar
2022-03-29 09:27:52,102 [Worker-4: Download sources and javadoc] INFO  o.e.m.j.internal.DownloadSourcesJob - Downloaded sources for junit:junit:4.12
2022-03-29 09:27:52,264 [Worker-4: Download sources and javadoc] INFO  o.e.m.c.i.e.AbstractTransferListenerAdapter - Downloading https://repo.maven.apache.org/maven2/org/hamcrest/hamcrest-core/1.3/hamcrest-core-1.3-sources.jar
2022-03-29 09:27:52,535 [Worker-4: Download sources and javadoc] INFO  o.e.m.c.i.e.AbstractTransferListenerAdapter - Downloaded https://repo.maven.apache.org/maven2/org/hamcrest/hamcrest-core/1.3/hamcrest-core-1.3-sources.jar
2022-03-29 09:27:52,928 [Worker-4: Download sources and javadoc] INFO  o.e.m.j.internal.DownloadSourcesJob - Downloaded sources for org.hamcrest:hamcrest-core:1.3
2022-03-29 09:27:53,079 [Worker-7: Building] WARN  o.e.m.c.i.embedder.EclipseLogger - Using platform encoding (Cp1252 actually) to copy filtered resources, i.e. build is platform dependent!
2022-03-29 09:27:53,083 [Worker-7: Building] INFO  o.e.m.c.i.embedder.EclipseLogger - Copying 0 resource
2022-03-29 09:27:53,085 [Worker-7: Building] WARN  o.e.m.c.i.embedder.EclipseLogger - Using platform encoding (Cp1252 actually) to copy filtered resources, i.e. build is platform dependent!
2022-03-29 09:27:53,088 [Worker-7: Building] INFO  o.e.m.c.i.embedder.EclipseLogger - Copying 0 resource
2022-03-30 13:53:41,779 [Worker-6: Loading available Gradle versions] INFO  o.e.b.c.i.u.g.PublishedGradleVersions - Gradle version information cache is out-of-date. Trying to update.
2022-04-03 13:49:16,249 [Worker-2: Loading available Gradle versions] INFO  o.e.b.c.i.u.g.PublishedGradleVersions - Gradle version information cache is up-to-date. Trying to read.
2022-04-03 13:49:18,833 [Worker-6: Building] INFO  o.e.m.c.i.e.AbstractTransferListenerAdapter - Downloading https://repo.maven.apache.org/maven2/jakarta/xml/bind/jakarta.xml.bind-api/3.0.0/jakarta.xml.bind-api-3.0.0.pom
2022-04-03 13:49:18,931 [Worker-6: Building] INFO  o.e.m.c.i.e.AbstractTransferListenerAdapter - Downloaded https://repo.maven.apache.org/maven2/jakarta/xml/bind/jakarta.xml.bind-api/3.0.0/jakarta.xml.bind-api-3.0.0.pom
2022-04-03 13:49:18,997 [Worker-6: Building] INFO  o.e.m.c.i.e.AbstractTransferListenerAdapter - Downloading https://repo.maven.apache.org/maven2/jakarta/xml/bind/jakarta.xml.bind-api-parent/3.0.0/jakarta.xml.bind-api-parent-3.0.0.pom
2022-04-03 13:49:19,069 [Worker-6: Building] INFO  o.e.m.c.i.e.AbstractTransferListenerAdapter - Downloaded https://repo.maven.apache.org/maven2/jakarta/xml/bind/jakarta.xml.bind-api-parent/3.0.0/jakarta.xml.bind-api-parent-3.0.0.pom
2022-04-03 13:49:19,113 [Worker-6: Building] INFO  o.e.m.c.i.e.AbstractTransferListenerAdapter - Downloading https://repo.maven.apache.org/maven2/org/eclipse/ee4j/project/1.0.6/project-1.0.6.pom
2022-04-03 13:49:19,187 [Worker-6: Building] INFO  o.e.m.c.i.e.AbstractTransferListenerAdapter - Downloaded https://repo.maven.apache.org/maven2/org/eclipse/ee4j/project/1.0.6/project-1.0.6.pom
2022-04-03 13:49:19,244 [Worker-6: Building] INFO  o.e.m.c.i.e.AbstractTransferListenerAdapter - Downloading https://repo.maven.apache.org/maven2/com/sun/activation/jakarta.activation/2.0.0/jakarta.activation-2.0.0.pom
2022-04-03 13:49:19,292 [Worker-6: Building] INFO  o.e.m.c.i.e.AbstractTransferListenerAdapter - Downloaded https://repo.maven.apache.org/maven2/com/sun/activation/jakarta.activation/2.0.0/jakarta.activation-2.0.0.pom
2022-04-03 13:49:19,351 [Worker-6: Building] INFO  o.e.m.c.i.e.AbstractTransferListenerAdapter - Downloading https://repo.maven.apache.org/maven2/com/sun/activation/all/2.0.0/all-2.0.0.pom
2022-04-03 13:49:19,432 [Worker-6: Building] INFO  o.e.m.c.i.e.AbstractTransferListenerAdapter - Downloaded https://repo.maven.apache.org/maven2/com/sun/activation/all/2.0.0/all-2.0.0.pom
2022-04-03 13:49:19,491 [Worker-6: Building] INFO  o.e.m.c.i.e.AbstractTransferListenerAdapter - Downloading https://repo.maven.apache.org/maven2/com/sun/xml/bind/jaxb-impl/3.0.0/jaxb-impl-3.0.0.pom
2022-04-03 13:49:19,540 [Worker-6: Building] INFO  o.e.m.c.i.e.AbstractTransferListenerAdapter - Downloaded https://repo.maven.apache.org/maven2/com/sun/xml/bind/jaxb-impl/3.0.0/jaxb-impl-3.0.0.pom
2022-04-03 13:49:19,598 [Worker-6: Building] INFO  o.e.m.c.i.e.AbstractTransferListenerAdapter - Downloading https://repo.maven.apache.org/maven2/com/sun/xml/bind/mvn/jaxb-bundles/3.0.0/jaxb-bundles-3.0.0.pom
2022-04-03 13:49:19,651 [Worker-6: Building] INFO  o.e.m.c.i.e.AbstractTransferListenerAdapter - Downloaded https://repo.maven.apache.org/maven2/com/sun/xml/bind/mvn/jaxb-bundles/3.0.0/jaxb-bundles-3.0.0.pom
2022-04-03 13:49:19,700 [Worker-6: Building] INFO  o.e.m.c.i.e.AbstractTransferListenerAdapter - Downloading https://repo.maven.apache.org/maven2/com/sun/xml/bind/mvn/jaxb-parent/3.0.0/jaxb-parent-3.0.0.pom
2022-04-03 13:49:19,796 [Worker-6: Building] INFO  o.e.m.c.i.e.AbstractTransferListenerAdapter - Downloaded https://repo.maven.apache.org/maven2/com/sun/xml/bind/mvn/jaxb-parent/3.0.0/jaxb-parent-3.0.0.pom
2022-04-03 13:49:20,098 [Worker-6: Building] INFO  o.e.m.c.i.e.AbstractTransferListenerAdapter - Downloading https://repo.maven.apache.org/maven2/com/sun/xml/bind/jaxb-bom-ext/3.0.0/jaxb-bom-ext-3.0.0.pom
2022-04-03 13:49:20,502 [Worker-6: Building] INFO  o.e.m.c.i.e.AbstractTransferListenerAdapter - Downloaded https://repo.maven.apache.org/maven2/com/sun/xml/bind/jaxb-bom-ext/3.0.0/jaxb-bom-ext-3.0.0.pom
2022-04-03 13:49:20,883 [Worker-6: Building] INFO  o.e.m.c.i.e.AbstractTransferListenerAdapter - Downloading https://repo.maven.apache.org/maven2/org/glassfish/jaxb/jaxb-bom/3.0.0/jaxb-bom-3.0.0.pom
2022-04-03 13:49:20,962 [Worker-6: Building] INFO  o.e.m.c.i.e.AbstractTransferListenerAdapter - Downloaded https://repo.maven.apache.org/maven2/org/glassfish/jaxb/jaxb-bom/3.0.0/jaxb-bom-3.0.0.pom
2022-04-03 13:49:21,049 [Worker-6: Building] INFO  o.e.m.c.i.e.AbstractTransferListenerAdapter - Downloading https://repo.maven.apache.org/maven2/com/sun/xml/bind/jaxb-core/3.0.0/jaxb-core-3.0.0.pom
2022-04-03 13:49:21,111 [Worker-6: Building] INFO  o.e.m.c.i.e.AbstractTransferListenerAdapter - Downloaded https://repo.maven.apache.org/maven2/com/sun/xml/bind/jaxb-core/3.0.0/jaxb-core-3.0.0.pom
2022-04-03 13:49:21,203 [AetherRepositoryConnector-repo.maven.apache.org-0-0] INFO  o.e.m.c.i.e.AbstractTransferListenerAdapter - Downloading https://repo.maven.apache.org/maven2/jakarta/xml/bind/jakarta.xml.bind-api/3.0.0/jakarta.xml.bind-api-3.0.0.jar
2022-04-03 13:49:21,269 [AetherRepositoryConnector-repo.maven.apache.org-0-1] INFO  o.e.m.c.i.e.AbstractTransferListenerAdapter - Downloading https://repo.maven.apache.org/maven2/com/sun/activation/jakarta.activation/2.0.0/jakarta.activation-2.0.0.jar
2022-04-03 13:49:21,323 [AetherRepositoryConnector-repo.maven.apache.org-0-3] INFO  o.e.m.c.i.e.AbstractTransferListenerAdapter - Downloading https://repo.maven.apache.org/maven2/com/sun/xml/bind/jaxb-core/3.0.0/jaxb-core-3.0.0.jar
2022-04-03 13:49:21,338 [AetherRepositoryConnector-repo.maven.apache.org-0-2] INFO  o.e.m.c.i.e.AbstractTransferListenerAdapter - Downloading https://repo.maven.apache.org/maven2/com/sun/xml/bind/jaxb-impl/3.0.0/jaxb-impl-3.0.0.jar
2022-04-03 13:49:21,676 [AetherRepositoryConnector-repo.maven.apache.org-0-0] INFO  o.e.m.c.i.e.AbstractTransferListenerAdapter - Downloaded https://repo.maven.apache.org/maven2/jakarta/xml/bind/jakarta.xml.bind-api/3.0.0/jakarta.xml.bind-api-3.0.0.jar
2022-04-03 13:49:21,741 [AetherRepositoryConnector-repo.maven.apache.org-0-1] INFO  o.e.m.c.i.e.AbstractTransferListenerAdapter - Downloaded https://repo.maven.apache.org/maven2/com/sun/activation/jakarta.activation/2.0.0/jakarta.activation-2.0.0.jar
2022-04-03 13:49:22,189 [AetherRepositoryConnector-repo.maven.apache.org-0-3] INFO  o.e.m.c.i.e.AbstractTransferListenerAdapter - Downloaded https://repo.maven.apache.org/maven2/com/sun/xml/bind/jaxb-core/3.0.0/jaxb-core-3.0.0.jar
2022-04-03 13:49:23,013 [AetherRepositoryConnector-repo.maven.apache.org-0-2] INFO  o.e.m.c.i.e.AbstractTransferListenerAdapter - Downloaded https://repo.maven.apache.org/maven2/com/sun/xml/bind/jaxb-impl/3.0.0/jaxb-impl-3.0.0.jar
2022-04-03 13:49:25,005 [Worker-6: Building] WARN  o.e.m.c.i.embedder.EclipseLogger - Using platform encoding (Cp1252 actually) to copy filtered resources, i.e. build is platform dependent!
2022-04-03 13:49:25,012 [Worker-6: Building] INFO  o.e.m.c.i.embedder.EclipseLogger - Copying 0 resource
2022-04-03 13:49:25,017 [Worker-6: Building] WARN  o.e.m.c.i.embedder.EclipseLogger - Using platform encoding (Cp1252 actually) to copy filtered resources, i.e. build is platform dependent!
2022-04-03 13:49:25,019 [Worker-6: Building] INFO  o.e.m.c.i.embedder.EclipseLogger - Copying 0 resource
2022-04-03 13:49:28,602 [Worker-4: Building] INFO  o.e.m.c.i.l.LifecycleMappingFactory - Using org.eclipse.m2e.jdt.JarLifecycleMapping lifecycle mapping for MavenProject: SE_PR_GPSRunner:SE_PR_GPSRunner:0.0.1-SNAPSHOT @ C:\Users\patri\OneDrive\Uni\WINF\4. Semester\Software Engineering\GPSRunner\SE_PR_GPSRunner\pom.xml.
2022-04-03 13:49:28,862 [Worker-4: Building] WARN  o.e.m.c.i.embedder.EclipseLogger - Using platform encoding (Cp1252 actually) to copy filtered resources, i.e. build is platform dependent!
2022-04-03 13:49:28,864 [Worker-4: Building] INFO  o.e.m.c.i.embedder.EclipseLogger - Copying 0 resource
2022-04-03 13:49:28,866 [Worker-4: Building] WARN  o.e.m.c.i.embedder.EclipseLogger - Using platform encoding (Cp1252 actually) to copy filtered resources, i.e. build is platform dependent!
2022-04-03 13:49:28,867 [Worker-4: Building] INFO  o.e.m.c.i.embedder.EclipseLogger - Copying 0 resource
2022-04-03 13:49:29,930 [Worker-0: Building] WARN  o.e.m.c.i.embedder.EclipseLogger - Using platform encoding (Cp1252 actually) to copy filtered resources, i.e. build is platform dependent!
2022-04-03 13:49:29,935 [Worker-0: Building] INFO  o.e.m.c.i.embedder.EclipseLogger - Copying 0 resource
2022-04-03 13:49:29,937 [Worker-0: Building] WARN  o.e.m.c.i.embedder.EclipseLogger - Using platform encoding (Cp1252 actually) to copy filtered resources, i.e. build is platform dependent!
2022-04-03 13:49:29,938 [Worker-0: Building] INFO  o.e.m.c.i.embedder.EclipseLogger - Copying 0 resource
2022-04-03 13:49:30,013 [Worker-6: Download sources and javadoc] INFO  o.e.m.c.i.e.AbstractTransferListenerAdapter - Downloading https://repo.maven.apache.org/maven2/jakarta/xml/bind/jakarta.xml.bind-api/3.0.0/jakarta.xml.bind-api-3.0.0-sources.jar
2022-04-03 13:49:30,191 [Worker-6: Download sources and javadoc] INFO  o.e.m.c.i.e.AbstractTransferListenerAdapter - Downloaded https://repo.maven.apache.org/maven2/jakarta/xml/bind/jakarta.xml.bind-api/3.0.0/jakarta.xml.bind-api-3.0.0-sources.jar
2022-04-03 13:49:30,540 [Worker-6: Download sources and javadoc] INFO  o.e.m.j.internal.DownloadSourcesJob - Downloaded sources for jakarta.xml.bind:jakarta.xml.bind-api:3.0.0
2022-04-03 13:49:32,133 [Worker-6: Download sources and javadoc] INFO  o.e.m.c.i.e.AbstractTransferListenerAdapter - Downloading https://repo.maven.apache.org/maven2/com/sun/activation/jakarta.activation/2.0.0/jakarta.activation-2.0.0-sources.jar
2022-04-03 13:49:32,339 [Worker-6: Download sources and javadoc] INFO  o.e.m.c.i.e.AbstractTransferListenerAdapter - Downloaded https://repo.maven.apache.org/maven2/com/sun/activation/jakarta.activation/2.0.0/jakarta.activation-2.0.0-sources.jar
2022-04-03 13:49:32,395 [Worker-6: Download sources and javadoc] INFO  o.e.m.j.internal.DownloadSourcesJob - Downloaded sources for com.sun.activation:jakarta.activation:2.0.0
2022-04-03 13:49:32,562 [Worker-6: Download sources and javadoc] INFO  o.e.m.c.i.e.AbstractTransferListenerAdapter - Downloading https://repo.maven.apache.org/maven2/com/sun/xml/bind/jaxb-impl/3.0.0/jaxb-impl-3.0.0-sources.jar
2022-04-03 13:49:33,214 [Worker-6: Download sources and javadoc] INFO  o.e.m.c.i.e.AbstractTransferListenerAdapter - Downloaded https://repo.maven.apache.org/maven2/com/sun/xml/bind/jaxb-impl/3.0.0/jaxb-impl-3.0.0-sources.jar
2022-04-03 13:49:33,288 [Worker-6: Download sources and javadoc] INFO  o.e.m.j.internal.DownloadSourcesJob - Downloaded sources for com.sun.xml.bind:jaxb-impl:3.0.0
2022-04-03 13:49:33,452 [Worker-6: Download sources and javadoc] INFO  o.e.m.c.i.e.AbstractTransferListenerAdapter - Downloading https://repo.maven.apache.org/maven2/com/sun/xml/bind/jaxb-core/3.0.0/jaxb-core-3.0.0-sources.jar
2022-04-03 13:49:33,706 [Worker-6: Download sources and javadoc] INFO  o.e.m.c.i.e.AbstractTransferListenerAdapter - Downloaded https://repo.maven.apache.org/maven2/com/sun/xml/bind/jaxb-core/3.0.0/jaxb-core-3.0.0-sources.jar
2022-04-03 13:49:33,790 [Worker-6: Download sources and javadoc] INFO  o.e.m.j.internal.DownloadSourcesJob - Downloaded sources for com.sun.xml.bind:jaxb-core:3.0.0
2022-04-03 13:49:33,958 [Worker-12: Building] WARN  o.e.m.c.i.embedder.EclipseLogger - Using platform encoding (Cp1252 actually) to copy filtered resources, i.e. build is platform dependent!
2022-04-03 13:49:33,960 [Worker-12: Building] INFO  o.e.m.c.i.embedder.EclipseLogger - Copying 0 resource
2022-04-03 13:49:33,962 [Worker-12: Building] WARN  o.e.m.c.i.embedder.EclipseLogger - Using platform encoding (Cp1252 actually) to copy filtered resources, i.e. build is platform dependent!
2022-04-03 13:49:33,963 [Worker-12: Building] INFO  o.e.m.c.i.embedder.EclipseLogger - Copying 0 resource
2022-04-03 13:51:06,699 [Worker-29: Building] WARN  o.e.m.c.i.embedder.EclipseLogger - Using platform encoding (Cp1252 actually) to copy filtered resources, i.e. build is platform dependent!
2022-04-03 13:51:06,702 [Worker-29: Building] INFO  o.e.m.c.i.embedder.EclipseLogger - Copying 0 resource
2022-04-03 13:51:06,704 [Worker-29: Building] WARN  o.e.m.c.i.embedder.EclipseLogger - Using platform encoding (Cp1252 actually) to copy filtered resources, i.e. build is platform dependent!
2022-04-03 13:51:06,706 [Worker-29: Building] INFO  o.e.m.c.i.embedder.EclipseLogger - Copying 0 resource
2022-04-03 13:52:12,093 [Worker-7: Building] WARN  o.e.m.c.i.embedder.EclipseLogger - Using platform encoding (Cp1252 actually) to copy filtered resources, i.e. build is platform dependent!
2022-04-03 13:52:12,097 [Worker-7: Building] INFO  o.e.m.c.i.embedder.EclipseLogger - Copying 0 resource
2022-04-03 13:52:12,100 [Worker-7: Building] WARN  o.e.m.c.i.embedder.EclipseLogger - Using platform encoding (Cp1252 actually) to copy filtered resources, i.e. build is platform dependent!
2022-04-03 13:52:12,103 [Worker-7: Building] INFO  o.e.m.c.i.embedder.EclipseLogger - Copying 0 resource
2022-04-03 13:52:17,667 [Worker-29: Building] WARN  o.e.m.c.i.embedder.EclipseLogger - Using platform encoding (Cp1252 actually) to copy filtered resources, i.e. build is platform dependent!
2022-04-03 13:52:17,670 [Worker-29: Building] INFO  o.e.m.c.i.embedder.EclipseLogger - Copying 0 resource
2022-04-03 13:52:17,672 [Worker-29: Building] WARN  o.e.m.c.i.embedder.EclipseLogger - Using platform encoding (Cp1252 actually) to copy filtered resources, i.e. build is platform dependent!
2022-04-03 13:52:17,673 [Worker-29: Building] INFO  o.e.m.c.i.embedder.EclipseLogger - Copying 0 resource
2022-04-03 13:52:28,925 [Worker-34: Building] WARN  o.e.m.c.i.embedder.EclipseLogger - Using platform encoding (Cp1252 actually) to copy filtered resources, i.e. build is platform dependent!
2022-04-03 13:52:28,928 [Worker-34: Building] INFO  o.e.m.c.i.embedder.EclipseLogger - Copying 0 resource
2022-04-03 13:52:28,930 [Worker-34: Building] WARN  o.e.m.c.i.embedder.EclipseLogger - Using platform encoding (Cp1252 actually) to copy filtered resources, i.e. build is platform dependent!
2022-04-03 13:52:28,932 [Worker-34: Building] INFO  o.e.m.c.i.embedder.EclipseLogger - Copying 0 resource
2022-04-03 13:52:41,129 [Worker-29: Building] WARN  o.e.m.c.i.embedder.EclipseLogger - Using platform encoding (Cp1252 actually) to copy filtered resources, i.e. build is platform dependent!
2022-04-03 13:52:41,133 [Worker-29: Building] INFO  o.e.m.c.i.embedder.EclipseLogger - Copying 0 resource
2022-04-03 13:52:41,139 [Worker-29: Building] WARN  o.e.m.c.i.embedder.EclipseLogger - Using platform encoding (Cp1252 actually) to copy filtered resources, i.e. build is platform dependent!
2022-04-03 13:52:41,142 [Worker-29: Building] INFO  o.e.m.c.i.embedder.EclipseLogger - Copying 0 resource
2022-04-03 13:52:54,956 [Worker-7: Building] WARN  o.e.m.c.i.embedder.EclipseLogger - Using platform encoding (Cp1252 actually) to copy filtered resources, i.e. build is platform dependent!
2022-04-03 13:52:54,960 [Worker-7: Building] INFO  o.e.m.c.i.embedder.EclipseLogger - Copying 0 resource
2022-04-03 13:52:54,964 [Worker-7: Building] WARN  o.e.m.c.i.embedder.EclipseLogger - Using platform encoding (Cp1252 actually) to copy filtered resources, i.e. build is platform dependent!
2022-04-03 13:52:54,966 [Worker-7: Building] INFO  o.e.m.c.i.embedder.EclipseLogger - Copying 0 resource
2022-04-03 13:53:03,875 [Worker-34: Building] WARN  o.e.m.c.i.embedder.EclipseLogger - Using platform encoding (Cp1252 actually) to copy filtered resources, i.e. build is platform dependent!
2022-04-03 13:53:03,878 [Worker-34: Building] INFO  o.e.m.c.i.embedder.EclipseLogger - Copying 0 resource
2022-04-03 13:53:03,880 [Worker-34: Building] WARN  o.e.m.c.i.embedder.EclipseLogger - Using platform encoding (Cp1252 actually) to copy filtered resources, i.e. build is platform dependent!
2022-04-03 13:53:03,882 [Worker-34: Building] INFO  o.e.m.c.i.embedder.EclipseLogger - Copying 0 resource
2022-04-03 14:09:55,840 [Worker-39: Launching GUI] WARN  o.e.m.c.i.embedder.EclipseLogger - Using platform encoding (Cp1252 actually) to copy filtered resources, i.e. build is platform dependent!
2022-04-03 14:09:55,842 [Worker-39: Launching GUI] INFO  o.e.m.c.i.embedder.EclipseLogger - Copying 0 resource
2022-04-03 14:09:55,844 [Worker-39: Launching GUI] WARN  o.e.m.c.i.embedder.EclipseLogger - Using platform encoding (Cp1252 actually) to copy filtered resources, i.e. build is platform dependent!
2022-04-03 14:09:55,846 [Worker-39: Launching GUI] INFO  o.e.m.c.i.embedder.EclipseLogger - Copying 0 resource
2022-04-03 14:13:07,157 [Worker-40: Building] WARN  o.e.m.c.i.embedder.EclipseLogger - Using platform encoding (Cp1252 actually) to copy filtered resources, i.e. build is platform dependent!
2022-04-03 14:13:07,161 [Worker-40: Building] INFO  o.e.m.c.i.embedder.EclipseLogger - Copying 0 resource
2022-04-03 14:13:07,164 [Worker-40: Building] WARN  o.e.m.c.i.embedder.EclipseLogger - Using platform encoding (Cp1252 actually) to copy filtered resources, i.e. build is platform dependent!
2022-04-03 14:13:07,167 [Worker-40: Building] INFO  o.e.m.c.i.embedder.EclipseLogger - Copying 0 resource
2022-04-03 14:13:21,010 [Worker-39: Launching GUI] WARN  o.e.m.c.i.embedder.EclipseLogger - Using platform encoding (Cp1252 actually) to copy filtered resources, i.e. build is platform dependent!
2022-04-03 14:13:21,013 [Worker-39: Launching GUI] INFO  o.e.m.c.i.embedder.EclipseLogger - Copying 0 resource
2022-04-03 14:13:21,014 [Worker-39: Launching GUI] WARN  o.e.m.c.i.embedder.EclipseLogger - Using platform encoding (Cp1252 actually) to copy filtered resources, i.e. build is platform dependent!
2022-04-03 14:13:21,016 [Worker-39: Launching GUI] INFO  o.e.m.c.i.embedder.EclipseLogger - Copying 0 resource
2022-04-03 14:13:32,594 [Worker-40: Launching GUI] WARN  o.e.m.c.i.embedder.EclipseLogger - Using platform encoding (Cp1252 actually) to copy filtered resources, i.e. build is platform dependent!
2022-04-03 14:13:32,597 [Worker-40: Launching GUI] INFO  o.e.m.c.i.embedder.EclipseLogger - Copying 0 resource
2022-04-03 14:13:32,599 [Worker-40: Launching GUI] WARN  o.e.m.c.i.embedder.EclipseLogger - Using platform encoding (Cp1252 actually) to copy filtered resources, i.e. build is platform dependent!
2022-04-03 14:13:32,602 [Worker-40: Launching GUI] INFO  o.e.m.c.i.embedder.EclipseLogger - Copying 0 resource
2022-04-03 14:13:44,825 [Worker-39: Launching GUI] WARN  o.e.m.c.i.embedder.EclipseLogger - Using platform encoding (Cp1252 actually) to copy filtered resources, i.e. build is platform dependent!
2022-04-03 14:13:44,828 [Worker-39: Launching GUI] INFO  o.e.m.c.i.embedder.EclipseLogger - Copying 0 resource
2022-04-03 14:13:44,832 [Worker-39: Launching GUI] WARN  o.e.m.c.i.embedder.EclipseLogger - Using platform encoding (Cp1252 actually) to copy filtered resources, i.e. build is platform dependent!
2022-04-03 14:13:44,834 [Worker-39: Launching GUI] INFO  o.e.m.c.i.embedder.EclipseLogger - Copying 0 resource
2022-04-03 14:13:59,703 [Worker-45: Launching GUI] WARN  o.e.m.c.i.embedder.EclipseLogger - Using platform encoding (Cp1252 actually) to copy filtered resources, i.e. build is platform dependent!
2022-04-03 14:13:59,707 [Worker-45: Launching GUI] INFO  o.e.m.c.i.embedder.EclipseLogger - Copying 0 resource
2022-04-03 14:13:59,713 [Worker-45: Launching GUI] WARN  o.e.m.c.i.embedder.EclipseLogger - Using platform encoding (Cp1252 actually) to copy filtered resources, i.e. build is platform dependent!
2022-04-03 14:13:59,715 [Worker-45: Launching GUI] INFO  o.e.m.c.i.embedder.EclipseLogger - Copying 0 resource
2022-04-03 14:14:35,773 [Worker-42: Launching GUI] WARN  o.e.m.c.i.embedder.EclipseLogger - Using platform encoding (Cp1252 actually) to copy filtered resources, i.e. build is platform dependent!
2022-04-03 14:14:35,777 [Worker-42: Launching GUI] INFO  o.e.m.c.i.embedder.EclipseLogger - Copying 0 resource
2022-04-03 14:14:35,780 [Worker-42: Launching GUI] WARN  o.e.m.c.i.embedder.EclipseLogger - Using platform encoding (Cp1252 actually) to copy filtered resources, i.e. build is platform dependent!
2022-04-03 14:14:35,782 [Worker-42: Launching GUI] INFO  o.e.m.c.i.embedder.EclipseLogger - Copying 0 resource
2022-04-03 14:14:57,486 [Worker-40: Launching GUI] WARN  o.e.m.c.i.embedder.EclipseLogger - Using platform encoding (Cp1252 actually) to copy filtered resources, i.e. build is platform dependent!
2022-04-03 14:14:57,491 [Worker-40: Launching GUI] INFO  o.e.m.c.i.embedder.EclipseLogger - Copying 0 resource
2022-04-03 14:14:57,494 [Worker-40: Launching GUI] WARN  o.e.m.c.i.embedder.EclipseLogger - Using platform encoding (Cp1252 actually) to copy filtered resources, i.e. build is platform dependent!
2022-04-03 14:14:57,496 [Worker-40: Launching GUI] INFO  o.e.m.c.i.embedder.EclipseLogger - Copying 0 resource
2022-04-03 14:15:16,542 [Worker-40: Launching GUI] WARN  o.e.m.c.i.embedder.EclipseLogger - Using platform encoding (Cp1252 actually) to copy filtered resources, i.e. build is platform dependent!
2022-04-03 14:15:16,544 [Worker-40: Launching GUI] INFO  o.e.m.c.i.embedder.EclipseLogger - Copying 0 resource
2022-04-03 14:15:16,545 [Worker-40: Launching GUI] WARN  o.e.m.c.i.embedder.EclipseLogger - Using platform encoding (Cp1252 actually) to copy filtered resources, i.e. build is platform dependent!
2022-04-03 14:15:16,547 [Worker-40: Launching GUI] INFO  o.e.m.c.i.embedder.EclipseLogger - Copying 0 resource
2022-04-03 14:15:28,455 [Worker-44: Launching GUI] WARN  o.e.m.c.i.embedder.EclipseLogger - Using platform encoding (Cp1252 actually) to copy filtered resources, i.e. build is platform dependent!
2022-04-03 14:15:28,459 [Worker-44: Launching GUI] INFO  o.e.m.c.i.embedder.EclipseLogger - Copying 0 resource
2022-04-03 14:15:28,462 [Worker-44: Launching GUI] WARN  o.e.m.c.i.embedder.EclipseLogger - Using platform encoding (Cp1252 actually) to copy filtered resources, i.e. build is platform dependent!
2022-04-03 14:15:28,465 [Worker-44: Launching GUI] INFO  o.e.m.c.i.embedder.EclipseLogger - Copying 0 resource
2022-04-03 14:15:36,765 [Worker-44: Launching GUI] WARN  o.e.m.c.i.embedder.EclipseLogger - Using platform encoding (Cp1252 actually) to copy filtered resources, i.e. build is platform dependent!
2022-04-03 14:15:36,767 [Worker-44: Launching GUI] INFO  o.e.m.c.i.embedder.EclipseLogger - Copying 0 resource
2022-04-03 14:15:36,769 [Worker-44: Launching GUI] WARN  o.e.m.c.i.embedder.EclipseLogger - Using platform encoding (Cp1252 actually) to copy filtered resources, i.e. build is platform dependent!
2022-04-03 14:15:36,771 [Worker-44: Launching GUI] INFO  o.e.m.c.i.embedder.EclipseLogger - Copying 0 resource
2022-04-03 14:15:47,140 [Worker-43: Launching GUI] WARN  o.e.m.c.i.embedder.EclipseLogger - Using platform encoding (Cp1252 actually) to copy filtered resources, i.e. build is platform dependent!
2022-04-03 14:15:47,143 [Worker-43: Launching GUI] INFO  o.e.m.c.i.embedder.EclipseLogger - Copying 0 resource
2022-04-03 14:15:47,146 [Worker-43: Launching GUI] WARN  o.e.m.c.i.embedder.EclipseLogger - Using platform encoding (Cp1252 actually) to copy filtered resources, i.e. build is platform dependent!
2022-04-03 14:15:47,148 [Worker-43: Launching GUI] INFO  o.e.m.c.i.embedder.EclipseLogger - Copying 0 resource
2022-04-03 14:15:54,943 [Worker-43: Launching GUI] WARN  o.e.m.c.i.embedder.EclipseLogger - Using platform encoding (Cp1252 actually) to copy filtered resources, i.e. build is platform dependent!
2022-04-03 14:15:54,945 [Worker-43: Launching GUI] INFO  o.e.m.c.i.embedder.EclipseLogger - Copying 0 resource
2022-04-03 14:15:54,946 [Worker-43: Launching GUI] WARN  o.e.m.c.i.embedder.EclipseLogger - Using platform encoding (Cp1252 actually) to copy filtered resources, i.e. build is platform dependent!
2022-04-03 14:15:54,948 [Worker-43: Launching GUI] INFO  o.e.m.c.i.embedder.EclipseLogger - Copying 0 resource
2022-04-03 14:16:03,317 [Worker-44: Launching GUI] WARN  o.e.m.c.i.embedder.EclipseLogger - Using platform encoding (Cp1252 actually) to copy filtered resources, i.e. build is platform dependent!
2022-04-03 14:16:03,320 [Worker-44: Launching GUI] INFO  o.e.m.c.i.embedder.EclipseLogger - Copying 0 resource
2022-04-03 14:16:03,321 [Worker-44: Launching GUI] WARN  o.e.m.c.i.embedder.EclipseLogger - Using platform encoding (Cp1252 actually) to copy filtered resources, i.e. build is platform dependent!
2022-04-03 14:16:03,323 [Worker-44: Launching GUI] INFO  o.e.m.c.i.embedder.EclipseLogger - Copying 0 resource
2022-04-03 14:20:09,706 [Worker-29: Launching GUI] WARN  o.e.m.c.i.embedder.EclipseLogger - Using platform encoding (Cp1252 actually) to copy filtered resources, i.e. build is platform dependent!
2022-04-03 14:20:09,708 [Worker-29: Launching GUI] INFO  o.e.m.c.i.embedder.EclipseLogger - Copying 0 resource
2022-04-03 14:20:09,711 [Worker-29: Launching GUI] WARN  o.e.m.c.i.embedder.EclipseLogger - Using platform encoding (Cp1252 actually) to copy filtered resources, i.e. build is platform dependent!
2022-04-03 14:20:09,712 [Worker-29: Launching GUI] INFO  o.e.m.c.i.embedder.EclipseLogger - Copying 0 resource
2022-04-03 14:21:09,586 [Worker-29: Launching GUI] WARN  o.e.m.c.i.embedder.EclipseLogger - Using platform encoding (Cp1252 actually) to copy filtered resources, i.e. build is platform dependent!
2022-04-03 14:21:09,589 [Worker-29: Launching GUI] INFO  o.e.m.c.i.embedder.EclipseLogger - Copying 0 resource
2022-04-03 14:21:09,590 [Worker-29: Launching GUI] WARN  o.e.m.c.i.embedder.EclipseLogger - Using platform encoding (Cp1252 actually) to copy filtered resources, i.e. build is platform dependent!
2022-04-03 14:21:09,593 [Worker-29: Launching GUI] INFO  o.e.m.c.i.embedder.EclipseLogger - Copying 0 resource
2022-04-03 14:21:28,438 [Worker-46: Launching GUI] WARN  o.e.m.c.i.embedder.EclipseLogger - Using platform encoding (Cp1252 actually) to copy filtered resources, i.e. build is platform dependent!
2022-04-03 14:21:28,441 [Worker-46: Launching GUI] INFO  o.e.m.c.i.embedder.EclipseLogger - Copying 0 resource
2022-04-03 14:21:28,443 [Worker-46: Launching GUI] WARN  o.e.m.c.i.embedder.EclipseLogger - Using platform encoding (Cp1252 actually) to copy filtered resources, i.e. build is platform dependent!
2022-04-03 14:21:28,448 [Worker-46: Launching GUI] INFO  o.e.m.c.i.embedder.EclipseLogger - Copying 0 resource
2022-04-03 14:21:36,993 [Worker-42: Launching GUI] WARN  o.e.m.c.i.embedder.EclipseLogger - Using platform encoding (Cp1252 actually) to copy filtered resources, i.e. build is platform dependent!
2022-04-03 14:21:36,997 [Worker-42: Launching GUI] INFO  o.e.m.c.i.embedder.EclipseLogger - Copying 0 resource
2022-04-03 14:21:37,001 [Worker-42: Launching GUI] WARN  o.e.m.c.i.embedder.EclipseLogger - Using platform encoding (Cp1252 actually) to copy filtered resources, i.e. build is platform dependent!
2022-04-03 14:21:37,004 [Worker-42: Launching GUI] INFO  o.e.m.c.i.embedder.EclipseLogger - Copying 0 resource
2022-04-03 14:21:53,358 [Worker-47: Launching GUI] WARN  o.e.m.c.i.embedder.EclipseLogger - Using platform encoding (Cp1252 actually) to copy filtered resources, i.e. build is platform dependent!
2022-04-03 14:21:53,360 [Worker-47: Launching GUI] INFO  o.e.m.c.i.embedder.EclipseLogger - Copying 0 resource
2022-04-03 14:21:53,363 [Worker-47: Launching GUI] WARN  o.e.m.c.i.embedder.EclipseLogger - Using platform encoding (Cp1252 actually) to copy filtered resources, i.e. build is platform dependent!
2022-04-03 14:21:53,364 [Worker-47: Launching GUI] INFO  o.e.m.c.i.embedder.EclipseLogger - Copying 0 resource
2022-04-03 14:22:22,510 [Worker-42: Launching GUI] WARN  o.e.m.c.i.embedder.EclipseLogger - Using platform encoding (Cp1252 actually) to copy filtered resources, i.e. build is platform dependent!
2022-04-03 14:22:22,514 [Worker-42: Launching GUI] INFO  o.e.m.c.i.embedder.EclipseLogger - Copying 0 resource
2022-04-03 14:22:22,516 [Worker-42: Launching GUI] WARN  o.e.m.c.i.embedder.EclipseLogger - Using platform encoding (Cp1252 actually) to copy filtered resources, i.e. build is platform dependent!
2022-04-03 14:22:22,519 [Worker-42: Launching GUI] INFO  o.e.m.c.i.embedder.EclipseLogger - Copying 0 resource
2022-04-03 14:22:45,873 [Worker-42: Launching GUI] WARN  o.e.m.c.i.embedder.EclipseLogger - Using platform encoding (Cp1252 actually) to copy filtered resources, i.e. build is platform dependent!
2022-04-03 14:22:45,877 [Worker-42: Launching GUI] INFO  o.e.m.c.i.embedder.EclipseLogger - Copying 0 resource
2022-04-03 14:22:45,881 [Worker-42: Launching GUI] WARN  o.e.m.c.i.embedder.EclipseLogger - Using platform encoding (Cp1252 actually) to copy filtered resources, i.e. build is platform dependent!
2022-04-03 14:22:45,883 [Worker-42: Launching GUI] INFO  o.e.m.c.i.embedder.EclipseLogger - Copying 0 resource
2022-04-03 14:22:55,057 [Worker-29: Launching GUI] WARN  o.e.m.c.i.embedder.EclipseLogger - Using platform encoding (Cp1252 actually) to copy filtered resources, i.e. build is platform dependent!
2022-04-03 14:22:55,061 [Worker-29: Launching GUI] INFO  o.e.m.c.i.embedder.EclipseLogger - Copying 0 resource
2022-04-03 14:22:55,064 [Worker-29: Launching GUI] WARN  o.e.m.c.i.embedder.EclipseLogger - Using platform encoding (Cp1252 actually) to copy filtered resources, i.e. build is platform dependent!
2022-04-03 14:22:55,067 [Worker-29: Launching GUI] INFO  o.e.m.c.i.embedder.EclipseLogger - Copying 0 resource
2022-04-03 14:43:42,414 [Worker-39: Launching GUI] WARN  o.e.m.c.i.embedder.EclipseLogger - Using platform encoding (Cp1252 actually) to copy filtered resources, i.e. build is platform dependent!
2022-04-03 14:43:42,418 [Worker-39: Launching GUI] INFO  o.e.m.c.i.embedder.EclipseLogger - Copying 0 resource
2022-04-03 14:43:42,419 [Worker-39: Launching GUI] WARN  o.e.m.c.i.embedder.EclipseLogger - Using platform encoding (Cp1252 actually) to copy filtered resources, i.e. build is platform dependent!
2022-04-03 14:43:42,421 [Worker-39: Launching GUI] INFO  o.e.m.c.i.embedder.EclipseLogger - Copying 0 resource
2022-04-03 14:59:46,604 [Worker-52: Launching GUI] WARN  o.e.m.c.i.embedder.EclipseLogger - Using platform encoding (Cp1252 actually) to copy filtered resources, i.e. build is platform dependent!
2022-04-03 14:59:46,609 [Worker-52: Launching GUI] INFO  o.e.m.c.i.embedder.EclipseLogger - Copying 0 resource
2022-04-03 14:59:46,612 [Worker-52: Launching GUI] WARN  o.e.m.c.i.embedder.EclipseLogger - Using platform encoding (Cp1252 actually) to copy filtered resources, i.e. build is platform dependent!
2022-04-03 14:59:46,614 [Worker-52: Launching GUI] INFO  o.e.m.c.i.embedder.EclipseLogger - Copying 0 resource
2022-04-03 15:05:12,051 [Worker-55: Launching GUI] WARN  o.e.m.c.i.embedder.EclipseLogger - Using platform encoding (Cp1252 actually) to copy filtered resources, i.e. build is platform dependent!
2022-04-03 15:05:12,055 [Worker-55: Launching GUI] INFO  o.e.m.c.i.embedder.EclipseLogger - Copying 0 resource
2022-04-03 15:05:12,058 [Worker-55: Launching GUI] WARN  o.e.m.c.i.embedder.EclipseLogger - Using platform encoding (Cp1252 actually) to copy filtered resources, i.e. build is platform dependent!
2022-04-03 15:05:12,061 [Worker-55: Launching GUI] INFO  o.e.m.c.i.embedder.EclipseLogger - Copying 0 resource
2022-04-03 15:07:28,997 [Worker-57: Launching GUI] WARN  o.e.m.c.i.embedder.EclipseLogger - Using platform encoding (Cp1252 actually) to copy filtered resources, i.e. build is platform dependent!
2022-04-03 15:07:29,003 [Worker-57: Launching GUI] INFO  o.e.m.c.i.embedder.EclipseLogger - Copying 0 resource
2022-04-03 15:07:29,006 [Worker-57: Launching GUI] WARN  o.e.m.c.i.embedder.EclipseLogger - Using platform encoding (Cp1252 actually) to copy filtered resources, i.e. build is platform dependent!
2022-04-03 15:07:29,008 [Worker-57: Launching GUI] INFO  o.e.m.c.i.embedder.EclipseLogger - Copying 0 resource
2022-04-03 15:15:14,872 [Worker-57: Launching GUI] WARN  o.e.m.c.i.embedder.EclipseLogger - Using platform encoding (Cp1252 actually) to copy filtered resources, i.e. build is platform dependent!
2022-04-03 15:15:14,878 [Worker-57: Launching GUI] INFO  o.e.m.c.i.embedder.EclipseLogger - Copying 0 resource
2022-04-03 15:15:14,881 [Worker-57: Launching GUI] WARN  o.e.m.c.i.embedder.EclipseLogger - Using platform encoding (Cp1252 actually) to copy filtered resources, i.e. build is platform dependent!
2022-04-03 15:15:14,885 [Worker-57: Launching GUI] INFO  o.e.m.c.i.embedder.EclipseLogger - Copying 0 resource
2022-04-03 15:23:54,015 [Worker-55: Building] WARN  o.e.m.c.i.embedder.EclipseLogger - Using platform encoding (Cp1252 actually) to copy filtered resources, i.e. build is platform dependent!
2022-04-03 15:23:54,019 [Worker-55: Building] INFO  o.e.m.c.i.embedder.EclipseLogger - Copying 0 resource
2022-04-03 15:23:54,022 [Worker-55: Building] WARN  o.e.m.c.i.embedder.EclipseLogger - Using platform encoding (Cp1252 actually) to copy filtered resources, i.e. build is platform dependent!
2022-04-03 15:23:54,024 [Worker-55: Building] INFO  o.e.m.c.i.embedder.EclipseLogger - Copying 0 resource
2022-04-03 15:24:57,141 [Worker-52: Building] WARN  o.e.m.c.i.embedder.EclipseLogger - Using platform encoding (Cp1252 actually) to copy filtered resources, i.e. build is platform dependent!
2022-04-03 15:24:57,144 [Worker-52: Building] INFO  o.e.m.c.i.embedder.EclipseLogger - Copying 0 resource
2022-04-03 15:24:57,147 [Worker-52: Building] WARN  o.e.m.c.i.embedder.EclipseLogger - Using platform encoding (Cp1252 actually) to copy filtered resources, i.e. build is platform dependent!
2022-04-03 15:24:57,149 [Worker-52: Building] INFO  o.e.m.c.i.embedder.EclipseLogger - Copying 0 resource
2022-04-03 15:39:51,915 [Worker-55: Launching GUI] WARN  o.e.m.c.i.embedder.EclipseLogger - Using platform encoding (Cp1252 actually) to copy filtered resources, i.e. build is platform dependent!
2022-04-03 15:39:51,917 [Worker-55: Launching GUI] INFO  o.e.m.c.i.embedder.EclipseLogger - Copying 0 resource
2022-04-03 15:39:51,919 [Worker-55: Launching GUI] WARN  o.e.m.c.i.embedder.EclipseLogger - Using platform encoding (Cp1252 actually) to copy filtered resources, i.e. build is platform dependent!
2022-04-03 15:39:51,920 [Worker-55: Launching GUI] INFO  o.e.m.c.i.embedder.EclipseLogger - Copying 0 resource
2022-04-03 15:44:23,446 [Worker-63: Building] WARN  o.e.m.c.i.embedder.EclipseLogger - Using platform encoding (Cp1252 actually) to copy filtered resources, i.e. build is platform dependent!
2022-04-03 15:44:23,450 [Worker-63: Building] INFO  o.e.m.c.i.embedder.EclipseLogger - Copying 0 resource
2022-04-03 15:44:23,452 [Worker-63: Building] WARN  o.e.m.c.i.embedder.EclipseLogger - Using platform encoding (Cp1252 actually) to copy filtered resources, i.e. build is platform dependent!
2022-04-03 15:44:23,454 [Worker-63: Building] INFO  o.e.m.c.i.embedder.EclipseLogger - Copying 0 resource
2022-04-03 15:45:49,425 [Worker-61: Building] WARN  o.e.m.c.i.embedder.EclipseLogger - Using platform encoding (Cp1252 actually) to copy filtered resources, i.e. build is platform dependent!
2022-04-03 15:45:49,429 [Worker-61: Building] INFO  o.e.m.c.i.embedder.EclipseLogger - Copying 0 resource
2022-04-03 15:45:49,431 [Worker-61: Building] WARN  o.e.m.c.i.embedder.EclipseLogger - Using platform encoding (Cp1252 actually) to copy filtered resources, i.e. build is platform dependent!
2022-04-03 15:45:49,433 [Worker-61: Building] INFO  o.e.m.c.i.embedder.EclipseLogger - Copying 0 resource
2022-04-03 15:46:04,672 [Worker-63: Launching GUI] WARN  o.e.m.c.i.embedder.EclipseLogger - Using platform encoding (Cp1252 actually) to copy filtered resources, i.e. build is platform dependent!
2022-04-03 15:46:04,675 [Worker-63: Launching GUI] INFO  o.e.m.c.i.embedder.EclipseLogger - Copying 0 resource
2022-04-03 15:46:04,679 [Worker-63: Launching GUI] WARN  o.e.m.c.i.embedder.EclipseLogger - Using platform encoding (Cp1252 actually) to copy filtered resources, i.e. build is platform dependent!
2022-04-03 15:46:04,681 [Worker-63: Launching GUI] INFO  o.e.m.c.i.embedder.EclipseLogger - Copying 0 resource
2022-04-03 15:46:25,476 [Worker-52: Launching GUI] WARN  o.e.m.c.i.embedder.EclipseLogger - Using platform encoding (Cp1252 actually) to copy filtered resources, i.e. build is platform dependent!
2022-04-03 15:46:25,480 [Worker-52: Launching GUI] INFO  o.e.m.c.i.embedder.EclipseLogger - Copying 0 resource
2022-04-03 15:46:25,482 [Worker-52: Launching GUI] WARN  o.e.m.c.i.embedder.EclipseLogger - Using platform encoding (Cp1252 actually) to copy filtered resources, i.e. build is platform dependent!
2022-04-03 15:46:25,484 [Worker-52: Launching GUI] INFO  o.e.m.c.i.embedder.EclipseLogger - Copying 0 resource
2022-04-03 15:51:01,927 [Worker-52: Launching GUI] WARN  o.e.m.c.i.embedder.EclipseLogger - Using platform encoding (Cp1252 actually) to copy filtered resources, i.e. build is platform dependent!
2022-04-03 15:51:01,930 [Worker-52: Launching GUI] INFO  o.e.m.c.i.embedder.EclipseLogger - Copying 0 resource
2022-04-03 15:51:01,931 [Worker-52: Launching GUI] WARN  o.e.m.c.i.embedder.EclipseLogger - Using platform encoding (Cp1252 actually) to copy filtered resources, i.e. build is platform dependent!
2022-04-03 15:51:01,932 [Worker-52: Launching GUI] INFO  o.e.m.c.i.embedder.EclipseLogger - Copying 0 resource
2022-04-03 15:53:39,880 [Worker-52: Building] WARN  o.e.m.c.i.embedder.EclipseLogger - Using platform encoding (Cp1252 actually) to copy filtered resources, i.e. build is platform dependent!
2022-04-03 15:53:39,883 [Worker-52: Building] INFO  o.e.m.c.i.embedder.EclipseLogger - Copying 0 resource
2022-04-03 15:53:39,885 [Worker-52: Building] WARN  o.e.m.c.i.embedder.EclipseLogger - Using platform encoding (Cp1252 actually) to copy filtered resources, i.e. build is platform dependent!
2022-04-03 15:53:39,887 [Worker-52: Building] INFO  o.e.m.c.i.embedder.EclipseLogger - Copying 0 resource
2022-04-03 15:54:05,417 [Worker-55: Launching GUI] WARN  o.e.m.c.i.embedder.EclipseLogger - Using platform encoding (Cp1252 actually) to copy filtered resources, i.e. build is platform dependent!
2022-04-03 15:54:05,420 [Worker-55: Launching GUI] INFO  o.e.m.c.i.embedder.EclipseLogger - Copying 0 resource
2022-04-03 15:54:05,421 [Worker-55: Launching GUI] WARN  o.e.m.c.i.embedder.EclipseLogger - Using platform encoding (Cp1252 actually) to copy filtered resources, i.e. build is platform dependent!
2022-04-03 15:54:05,423 [Worker-55: Launching GUI] INFO  o.e.m.c.i.embedder.EclipseLogger - Copying 0 resource
2022-04-03 15:54:29,454 [Worker-55: Launching GUI] WARN  o.e.m.c.i.embedder.EclipseLogger - Using platform encoding (Cp1252 actually) to copy filtered resources, i.e. build is platform dependent!
2022-04-03 15:54:29,456 [Worker-55: Launching GUI] INFO  o.e.m.c.i.embedder.EclipseLogger - Copying 0 resource
2022-04-03 15:54:29,458 [Worker-55: Launching GUI] WARN  o.e.m.c.i.embedder.EclipseLogger - Using platform encoding (Cp1252 actually) to copy filtered resources, i.e. build is platform dependent!
2022-04-03 15:54:29,459 [Worker-55: Launching GUI] INFO  o.e.m.c.i.embedder.EclipseLogger - Copying 0 resource
2022-04-03 15:56:49,155 [Worker-65: Building] WARN  o.e.m.c.i.embedder.EclipseLogger - Using platform encoding (Cp1252 actually) to copy filtered resources, i.e. build is platform dependent!
2022-04-03 15:56:49,159 [Worker-65: Building] INFO  o.e.m.c.i.embedder.EclipseLogger - Copying 0 resource
2022-04-03 15:56:49,161 [Worker-65: Building] WARN  o.e.m.c.i.embedder.EclipseLogger - Using platform encoding (Cp1252 actually) to copy filtered resources, i.e. build is platform dependent!
2022-04-03 15:56:49,163 [Worker-65: Building] INFO  o.e.m.c.i.embedder.EclipseLogger - Copying 0 resource
2022-04-03 16:05:50,785 [Worker-61: Building] WARN  o.e.m.c.i.embedder.EclipseLogger - Using platform encoding (Cp1252 actually) to copy filtered resources, i.e. build is platform dependent!
2022-04-03 16:05:50,792 [Worker-61: Building] INFO  o.e.m.c.i.embedder.EclipseLogger - Copying 0 resource
2022-04-03 16:05:50,794 [Worker-61: Building] WARN  o.e.m.c.i.embedder.EclipseLogger - Using platform encoding (Cp1252 actually) to copy filtered resources, i.e. build is platform dependent!
2022-04-03 16:05:50,797 [Worker-61: Building] INFO  o.e.m.c.i.embedder.EclipseLogger - Copying 0 resource
2022-04-03 16:12:43,688 [Worker-61: Building] WARN  o.e.m.c.i.embedder.EclipseLogger - Using platform encoding (Cp1252 actually) to copy filtered resources, i.e. build is platform dependent!
2022-04-03 16:12:43,692 [Worker-61: Building] INFO  o.e.m.c.i.embedder.EclipseLogger - Copying 0 resource
2022-04-03 16:12:43,695 [Worker-61: Building] WARN  o.e.m.c.i.embedder.EclipseLogger - Using platform encoding (Cp1252 actually) to copy filtered resources, i.e. build is platform dependent!
2022-04-03 16:12:43,697 [Worker-61: Building] INFO  o.e.m.c.i.embedder.EclipseLogger - Copying 0 resource
2022-04-03 16:13:47,900 [Worker-65: Launching Controller] WARN  o.e.m.c.i.embedder.EclipseLogger - Using platform encoding (Cp1252 actually) to copy filtered resources, i.e. build is platform dependent!
2022-04-03 16:13:47,904 [Worker-65: Launching Controller] INFO  o.e.m.c.i.embedder.EclipseLogger - Copying 0 resource
2022-04-03 16:13:47,906 [Worker-65: Launching Controller] WARN  o.e.m.c.i.embedder.EclipseLogger - Using platform encoding (Cp1252 actually) to copy filtered resources, i.e. build is platform dependent!
2022-04-03 16:13:47,907 [Worker-65: Launching Controller] INFO  o.e.m.c.i.embedder.EclipseLogger - Copying 0 resource
2022-04-03 16:15:09,577 [Worker-65: Building] WARN  o.e.m.c.i.embedder.EclipseLogger - Using platform encoding (Cp1252 actually) to copy filtered resources, i.e. build is platform dependent!
2022-04-03 16:15:09,580 [Worker-65: Building] INFO  o.e.m.c.i.embedder.EclipseLogger - Copying 0 resource
2022-04-03 16:15:09,583 [Worker-65: Building] WARN  o.e.m.c.i.embedder.EclipseLogger - Using platform encoding (Cp1252 actually) to copy filtered resources, i.e. build is platform dependent!
2022-04-03 16:15:09,585 [Worker-65: Building] INFO  o.e.m.c.i.embedder.EclipseLogger - Copying 0 resource
2022-04-03 16:15:14,024 [Worker-70: Building] WARN  o.e.m.c.i.embedder.EclipseLogger - Using platform encoding (Cp1252 actually) to copy filtered resources, i.e. build is platform dependent!
2022-04-03 16:15:14,027 [Worker-70: Building] INFO  o.e.m.c.i.embedder.EclipseLogger - Copying 0 resource
2022-04-03 16:15:14,028 [Worker-70: Building] WARN  o.e.m.c.i.embedder.EclipseLogger - Using platform encoding (Cp1252 actually) to copy filtered resources, i.e. build is platform dependent!
2022-04-03 16:15:14,030 [Worker-70: Building] INFO  o.e.m.c.i.embedder.EclipseLogger - Copying 0 resource
2022-04-03 16:27:25,731 [Worker-68: Launching Controller] WARN  o.e.m.c.i.embedder.EclipseLogger - Using platform encoding (Cp1252 actually) to copy filtered resources, i.e. build is platform dependent!
2022-04-03 16:27:25,735 [Worker-68: Launching Controller] INFO  o.e.m.c.i.embedder.EclipseLogger - Copying 0 resource
2022-04-03 16:27:25,736 [Worker-68: Launching Controller] WARN  o.e.m.c.i.embedder.EclipseLogger - Using platform encoding (Cp1252 actually) to copy filtered resources, i.e. build is platform dependent!
2022-04-03 16:27:25,738 [Worker-68: Launching Controller] INFO  o.e.m.c.i.embedder.EclipseLogger - Copying 0 resource
2022-04-03 16:28:03,086 [Worker-61: Launching Controller] WARN  o.e.m.c.i.embedder.EclipseLogger - Using platform encoding (Cp1252 actually) to copy filtered resources, i.e. build is platform dependent!
2022-04-03 16:28:03,088 [Worker-61: Launching Controller] INFO  o.e.m.c.i.embedder.EclipseLogger - Copying 0 resource
2022-04-03 16:28:03,089 [Worker-61: Launching Controller] WARN  o.e.m.c.i.embedder.EclipseLogger - Using platform encoding (Cp1252 actually) to copy filtered resources, i.e. build is platform dependent!
2022-04-03 16:28:03,091 [Worker-61: Launching Controller] INFO  o.e.m.c.i.embedder.EclipseLogger - Copying 0 resource
2022-04-03 16:31:27,598 [Worker-68: Building] WARN  o.e.m.c.i.embedder.EclipseLogger - Using platform encoding (Cp1252 actually) to copy filtered resources, i.e. build is platform dependent!
2022-04-03 16:31:27,602 [Worker-68: Building] INFO  o.e.m.c.i.embedder.EclipseLogger - Copying 0 resource
2022-04-03 16:31:27,604 [Worker-68: Building] WARN  o.e.m.c.i.embedder.EclipseLogger - Using platform encoding (Cp1252 actually) to copy filtered resources, i.e. build is platform dependent!
2022-04-03 16:31:27,606 [Worker-68: Building] INFO  o.e.m.c.i.embedder.EclipseLogger - Copying 0 resource
2022-04-03 16:32:19,252 [Worker-52: Building] WARN  o.e.m.c.i.embedder.EclipseLogger - Using platform encoding (Cp1252 actually) to copy filtered resources, i.e. build is platform dependent!
2022-04-03 16:32:19,255 [Worker-52: Building] INFO  o.e.m.c.i.embedder.EclipseLogger - Copying 0 resource
2022-04-03 16:32:19,258 [Worker-52: Building] WARN  o.e.m.c.i.embedder.EclipseLogger - Using platform encoding (Cp1252 actually) to copy filtered resources, i.e. build is platform dependent!
2022-04-03 16:32:19,260 [Worker-52: Building] INFO  o.e.m.c.i.embedder.EclipseLogger - Copying 0 resource
2022-04-03 16:33:10,016 [Worker-61: Launching Controller] WARN  o.e.m.c.i.embedder.EclipseLogger - Using platform encoding (Cp1252 actually) to copy filtered resources, i.e. build is platform dependent!
2022-04-03 16:33:10,019 [Worker-61: Launching Controller] INFO  o.e.m.c.i.embedder.EclipseLogger - Copying 0 resource
2022-04-03 16:33:10,022 [Worker-61: Launching Controller] WARN  o.e.m.c.i.embedder.EclipseLogger - Using platform encoding (Cp1252 actually) to copy filtered resources, i.e. build is platform dependent!
2022-04-03 16:33:10,025 [Worker-61: Launching Controller] INFO  o.e.m.c.i.embedder.EclipseLogger - Copying 0 resource
2022-04-03 16:38:50,861 [Worker-75: Launching Controller] WARN  o.e.m.c.i.embedder.EclipseLogger - Using platform encoding (Cp1252 actually) to copy filtered resources, i.e. build is platform dependent!
2022-04-03 16:38:50,864 [Worker-75: Launching Controller] INFO  o.e.m.c.i.embedder.EclipseLogger - Copying 0 resource
2022-04-03 16:38:50,871 [Worker-75: Launching Controller] WARN  o.e.m.c.i.embedder.EclipseLogger - Using platform encoding (Cp1252 actually) to copy filtered resources, i.e. build is platform dependent!
2022-04-03 16:38:50,874 [Worker-75: Launching Controller] INFO  o.e.m.c.i.embedder.EclipseLogger - Copying 0 resource
2022-04-03 16:39:12,940 [Worker-73: Building] WARN  o.e.m.c.i.embedder.EclipseLogger - Using platform encoding (Cp1252 actually) to copy filtered resources, i.e. build is platform dependent!
2022-04-03 16:39:12,943 [Worker-73: Building] INFO  o.e.m.c.i.embedder.EclipseLogger - Copying 0 resource
2022-04-03 16:39:12,946 [Worker-73: Building] WARN  o.e.m.c.i.embedder.EclipseLogger - Using platform encoding (Cp1252 actually) to copy filtered resources, i.e. build is platform dependent!
2022-04-03 16:39:12,948 [Worker-73: Building] INFO  o.e.m.c.i.embedder.EclipseLogger - Copying 0 resource
2022-04-03 16:44:52,594 [Worker-76: Launching Controller] WARN  o.e.m.c.i.embedder.EclipseLogger - Using platform encoding (Cp1252 actually) to copy filtered resources, i.e. build is platform dependent!
2022-04-03 16:44:52,598 [Worker-76: Launching Controller] INFO  o.e.m.c.i.embedder.EclipseLogger - Copying 0 resource
2022-04-03 16:44:52,600 [Worker-76: Launching Controller] WARN  o.e.m.c.i.embedder.EclipseLogger - Using platform encoding (Cp1252 actually) to copy filtered resources, i.e. build is platform dependent!
2022-04-03 16:44:52,604 [Worker-76: Launching Controller] INFO  o.e.m.c.i.embedder.EclipseLogger - Copying 0 resource
2022-04-03 16:51:01,623 [Worker-77: Building] WARN  o.e.m.c.i.embedder.EclipseLogger - Using platform encoding (Cp1252 actually) to copy filtered resources, i.e. build is platform dependent!
2022-04-03 16:51:01,626 [Worker-77: Building] INFO  o.e.m.c.i.embedder.EclipseLogger - Copying 0 resource
2022-04-03 16:51:01,628 [Worker-77: Building] WARN  o.e.m.c.i.embedder.EclipseLogger - Using platform encoding (Cp1252 actually) to copy filtered resources, i.e. build is platform dependent!
2022-04-03 16:51:01,630 [Worker-77: Building] INFO  o.e.m.c.i.embedder.EclipseLogger - Copying 0 resource
2022-04-03 16:52:07,862 [Worker-71: Building] WARN  o.e.m.c.i.embedder.EclipseLogger - Using platform encoding (Cp1252 actually) to copy filtered resources, i.e. build is platform dependent!
2022-04-03 16:52:07,867 [Worker-71: Building] INFO  o.e.m.c.i.embedder.EclipseLogger - Copying 0 resource
2022-04-03 16:52:07,870 [Worker-71: Building] WARN  o.e.m.c.i.embedder.EclipseLogger - Using platform encoding (Cp1252 actually) to copy filtered resources, i.e. build is platform dependent!
2022-04-03 16:52:07,873 [Worker-71: Building] INFO  o.e.m.c.i.embedder.EclipseLogger - Copying 0 resource
2022-04-03 16:58:15,556 [Worker-76: Building] WARN  o.e.m.c.i.embedder.EclipseLogger - Using platform encoding (Cp1252 actually) to copy filtered resources, i.e. build is platform dependent!
2022-04-03 16:58:15,560 [Worker-76: Building] INFO  o.e.m.c.i.embedder.EclipseLogger - Copying 0 resource
2022-04-03 16:58:15,563 [Worker-76: Building] WARN  o.e.m.c.i.embedder.EclipseLogger - Using platform encoding (Cp1252 actually) to copy filtered resources, i.e. build is platform dependent!
2022-04-03 16:58:15,564 [Worker-76: Building] INFO  o.e.m.c.i.embedder.EclipseLogger - Copying 0 resource
2022-04-03 18:13:50,338 [Worker-80: Launching Controller] WARN  o.e.m.c.i.embedder.EclipseLogger - Using platform encoding (Cp1252 actually) to copy filtered resources, i.e. build is platform dependent!
2022-04-03 18:13:50,342 [Worker-80: Launching Controller] INFO  o.e.m.c.i.embedder.EclipseLogger - Copying 0 resource
2022-04-03 18:13:50,343 [Worker-80: Launching Controller] WARN  o.e.m.c.i.embedder.EclipseLogger - Using platform encoding (Cp1252 actually) to copy filtered resources, i.e. build is platform dependent!
2022-04-03 18:13:50,344 [Worker-80: Launching Controller] INFO  o.e.m.c.i.embedder.EclipseLogger - Copying 0 resource
2022-04-03 18:16:42,903 [Worker-86: Building] WARN  o.e.m.c.i.embedder.EclipseLogger - Using platform encoding (Cp1252 actually) to copy filtered resources, i.e. build is platform dependent!
2022-04-03 18:16:42,907 [Worker-86: Building] INFO  o.e.m.c.i.embedder.EclipseLogger - Copying 0 resource
2022-04-03 18:16:42,909 [Worker-86: Building] WARN  o.e.m.c.i.embedder.EclipseLogger - Using platform encoding (Cp1252 actually) to copy filtered resources, i.e. build is platform dependent!
2022-04-03 18:16:42,910 [Worker-86: Building] INFO  o.e.m.c.i.embedder.EclipseLogger - Copying 0 resource
2022-04-03 18:17:10,455 [Worker-80: Building] WARN  o.e.m.c.i.embedder.EclipseLogger - Using platform encoding (Cp1252 actually) to copy filtered resources, i.e. build is platform dependent!
2022-04-03 18:17:10,456 [Worker-80: Building] INFO  o.e.m.c.i.embedder.EclipseLogger - Copying 0 resource
2022-04-03 18:17:10,457 [Worker-80: Building] WARN  o.e.m.c.i.embedder.EclipseLogger - Using platform encoding (Cp1252 actually) to copy filtered resources, i.e. build is platform dependent!
2022-04-03 18:17:10,458 [Worker-80: Building] INFO  o.e.m.c.i.embedder.EclipseLogger - Copying 0 resource
2022-04-03 18:20:09,571 [Worker-86: Building] WARN  o.e.m.c.i.embedder.EclipseLogger - Using platform encoding (Cp1252 actually) to copy filtered resources, i.e. build is platform dependent!
2022-04-03 18:20:09,573 [Worker-86: Building] INFO  o.e.m.c.i.embedder.EclipseLogger - Copying 0 resource
2022-04-03 18:20:09,574 [Worker-86: Building] WARN  o.e.m.c.i.embedder.EclipseLogger - Using platform encoding (Cp1252 actually) to copy filtered resources, i.e. build is platform dependent!
2022-04-03 18:20:09,576 [Worker-86: Building] INFO  o.e.m.c.i.embedder.EclipseLogger - Copying 0 resource
2022-04-03 18:22:26,707 [Worker-86: Building] WARN  o.e.m.c.i.embedder.EclipseLogger - Using platform encoding (Cp1252 actually) to copy filtered resources, i.e. build is platform dependent!
2022-04-03 18:22:26,710 [Worker-86: Building] INFO  o.e.m.c.i.embedder.EclipseLogger - Copying 0 resource
2022-04-03 18:22:26,712 [Worker-86: Building] WARN  o.e.m.c.i.embedder.EclipseLogger - Using platform encoding (Cp1252 actually) to copy filtered resources, i.e. build is platform dependent!
2022-04-03 18:22:26,714 [Worker-86: Building] INFO  o.e.m.c.i.embedder.EclipseLogger - Copying 0 resource
2022-04-03 18:23:24,637 [Worker-89: Building] WARN  o.e.m.c.i.embedder.EclipseLogger - Using platform encoding (Cp1252 actually) to copy filtered resources, i.e. build is platform dependent!
2022-04-03 18:23:24,639 [Worker-89: Building] INFO  o.e.m.c.i.embedder.EclipseLogger - Copying 0 resource
2022-04-03 18:23:24,640 [Worker-89: Building] WARN  o.e.m.c.i.embedder.EclipseLogger - Using platform encoding (Cp1252 actually) to copy filtered resources, i.e. build is platform dependent!
2022-04-03 18:23:24,641 [Worker-89: Building] INFO  o.e.m.c.i.embedder.EclipseLogger - Copying 0 resource
